2021-12-22 15:42:36 INFO  SpringbootHibernateApplication:28 - info log
2021-12-22 15:45:37 INFO  EmployeeServiceImpl:27 - getEmployeeByName :test
2021-12-22 15:46:07 INFO  SpringbootHibernateApplication:49 - Find employees by name:test
2021-12-22 15:46:07 INFO  EmployeeServiceImpl:27 - getEmployeeByName :test
2022-02-08 16:05:40 INFO  SpringbootHibernateApplication:49 - Find employees by name:test
2022-02-08 16:05:40 INFO  EmployeeServiceImpl:27 - getEmployeeByName :test
2022-02-08 16:31:56 INFO  SpringbootHibernateApplication:35 - info log
2022-02-08 16:32:25 INFO  SpringbootHibernateApplication:35 - info log
2022-02-08 16:32:26 INFO  SpringbootHibernateApplication:35 - info log
2022-02-08 16:32:27 INFO  SpringbootHibernateApplication:35 - info log
2022-02-08 16:32:27 INFO  SpringbootHibernateApplication:35 - info log
2022-02-08 16:32:27 INFO  SpringbootHibernateApplication:35 - info log
2022-02-08 16:32:30 INFO  SpringbootHibernateApplication:35 - info log
2022-02-08 16:33:15 INFO  SpringbootHibernateApplication:35 - info log
2022-02-08 16:33:18 INFO  SpringbootHibernateApplication:35 - info log
2022-02-08 16:34:41 INFO  SpringbootHibernateApplication:35 - info log
2022-02-08 16:36:14 INFO  SpringbootHibernateApplication:35 - info log
2022-02-08 16:36:50 INFO  SpringbootHibernateApplication:35 - info log
2022-02-08 16:40:11 INFO  SpringbootHibernateApplication:35 - info log
2022-02-08 16:40:19 INFO  SpringbootHibernateApplication:35 - info log
2022-02-08 16:40:48 INFO  SpringbootHibernateApplication:35 - info log
2022-02-08 17:45:24 INFO  SpringbootHibernateApplication:36 - info log
2022-02-08 17:45:57 INFO  SpringbootHibernateApplication:36 - info log
2022-02-08 17:46:16 INFO  SpringbootHibernateApplication:36 - info log
2022-02-08 17:46:17 INFO  SpringbootHibernateApplication:58 - Find employees by name:undefined
2022-02-08 17:46:17 INFO  EmployeeServiceImpl:27 - getEmployeeByName :undefined
2022-02-08 17:46:19 INFO  SpringbootHibernateApplication:36 - info log
2022-02-08 17:46:22 INFO  SpringbootHibernateApplication:58 - Find employees by name:undefined
2022-02-08 17:46:22 INFO  EmployeeServiceImpl:27 - getEmployeeByName :undefined
2022-02-08 17:46:35 INFO  SpringbootHibernateApplication:58 - Find employees by name:undefined
2022-02-08 17:46:35 INFO  EmployeeServiceImpl:27 - getEmployeeByName :undefined
2022-02-08 17:46:37 INFO  SpringbootHibernateApplication:36 - info log
2022-02-08 17:46:49 INFO  SpringbootHibernateApplication:36 - info log
2022-02-08 17:51:37 INFO  SpringbootHibernateApplication:36 - info log
2022-02-08 17:52:00 INFO  SpringbootHibernateApplication:36 - info log
2022-02-08 17:52:02 INFO  SpringbootHibernateApplication:36 - info log
2022-02-08 17:54:50 INFO  SpringbootHibernateApplication:36 - info log
2022-02-08 17:56:04 INFO  SpringbootHibernateApplication:36 - info log
2022-02-09 21:48:55 INFO  SpringbootHibernateApplication:36 - info log
2022-02-09 21:48:57 INFO  SpringbootHibernateApplication:58 - Find employees by name:undefined
2022-02-09 21:48:57 INFO  EmployeeServiceImpl:27 - getEmployeeByName :undefined
2022-02-09 21:48:58 INFO  SpringbootHibernateApplication:36 - info log
2022-02-09 21:52:51 INFO  SpringbootHibernateApplication:36 - info log
2022-02-09 21:53:53 INFO  SpringbootHibernateApplication:36 - info log
2022-02-09 21:53:57 INFO  SpringbootHibernateApplication:58 - Find employees by name:undefined
2022-02-09 21:53:57 INFO  EmployeeServiceImpl:27 - getEmployeeByName :undefined
2022-02-09 21:54:02 INFO  SpringbootHibernateApplication:36 - info log
2022-02-09 21:54:03 INFO  SpringbootHibernateApplication:58 - Find employees by name:undefined
2022-02-09 21:54:03 INFO  EmployeeServiceImpl:27 - getEmployeeByName :undefined
2022-02-09 21:54:05 INFO  SpringbootHibernateApplication:36 - info log
2022-02-09 21:54:07 INFO  SpringbootHibernateApplication:36 - info log
2022-02-09 21:54:09 INFO  SpringbootHibernateApplication:36 - info log
2022-02-09 21:54:18 INFO  SpringbootHibernateApplication:58 - Find employees by name:undefined
2022-02-09 21:54:18 INFO  EmployeeServiceImpl:27 - getEmployeeByName :undefined
2022-02-09 21:54:30 INFO  SpringbootHibernateApplication:36 - info log
2022-02-09 22:11:16 INFO  SpringbootHibernateApplication:36 - info log
2022-02-09 22:11:17 INFO  SpringbootHibernateApplication:36 - info log
2022-02-09 22:11:17 INFO  SpringbootHibernateApplication:36 - info log
2022-02-09 22:11:17 INFO  SpringbootHibernateApplication:36 - info log
2022-02-09 22:11:18 INFO  SpringbootHibernateApplication:36 - info log
2022-02-09 22:36:50 INFO  SpringbootHibernateApplication:31 - info log
2022-02-09 22:37:50 INFO  SpringbootHibernateApplication:31 - info log
2022-02-09 22:39:17 INFO  SpringbootHibernateApplication:39 - Post new employee0
2022-02-09 22:39:17 INFO  SpringbootHibernateApplication:31 - info log
2022-02-09 22:39:24 INFO  SpringbootHibernateApplication:31 - info log
2022-02-09 22:40:05 INFO  SpringbootHibernateApplication:31 - info log
2022-02-09 22:41:09 INFO  SpringbootHibernateApplication:31 - info log
2022-02-09 22:41:18 INFO  SpringbootHibernateApplication:31 - info log
2022-02-09 22:43:16 INFO  SpringbootHibernateApplication:31 - info log
2022-02-09 22:43:24 INFO  SpringbootHibernateApplication:31 - info log
2022-02-09 22:43:25 INFO  SpringbootHibernateApplication:31 - info log
2022-02-09 22:43:28 INFO  SpringbootHibernateApplication:31 - info log
2022-02-09 22:43:55 INFO  SpringbootHibernateApplication:31 - info log
2022-02-09 22:43:56 INFO  SpringbootHibernateApplication:46 - Find employees by id:1
2022-02-09 22:44:09 INFO  SpringbootHibernateApplication:55 - Update employees by id:1
2022-02-09 22:44:09 INFO  SpringbootHibernateApplication:31 - info log
2022-02-09 22:44:14 INFO  SpringbootHibernateApplication:46 - Find employees by id:1
2022-02-09 22:44:25 INFO  SpringbootHibernateApplication:31 - info log
2022-02-09 22:56:16 INFO  SpringbootHibernateApplication:31 - info log
2022-02-09 22:56:18 INFO  SpringbootHibernateApplication:31 - info log
2022-02-09 22:56:20 INFO  SpringbootHibernateApplication:31 - info log
2022-02-09 22:57:46 INFO  SpringbootHibernateApplication:46 - Find employees by id:1
2022-02-09 22:58:19 INFO  SpringbootHibernateApplication:31 - info log
2022-02-09 22:58:20 INFO  SpringbootHibernateApplication:31 - info log
2022-02-09 22:58:20 INFO  SpringbootHibernateApplication:31 - info log
2022-02-09 23:11:58 INFO  SpringbootHibernateApplication:31 - info log
2022-02-09 23:12:00 INFO  SpringbootHibernateApplication:46 - Find employees by id:5
2022-02-09 23:12:24 INFO  SpringbootHibernateApplication:55 - Update employees by id:5
2022-02-09 23:12:24 INFO  SpringbootHibernateApplication:31 - info log
2022-02-09 23:14:18 INFO  SpringbootHibernateApplication:46 - Find employees by id:1
2022-02-09 23:14:19 INFO  SpringbootHibernateApplication:31 - info log
2022-02-09 23:15:05 INFO  SpringbootHibernateApplication:39 - Post new employee0
2022-02-09 23:15:05 INFO  SpringbootHibernateApplication:31 - info log
2022-02-09 23:17:57 INFO  SpringbootHibernateApplication:31 - info log
2022-02-09 23:18:09 INFO  SpringbootHibernateApplication:46 - Find employees by id:1
2022-02-09 23:18:13 INFO  SpringbootHibernateApplication:55 - Update employees by id:1
2022-02-09 23:18:13 INFO  SpringbootHibernateApplication:31 - info log
2022-02-10 00:44:09 INFO  SpringbootHibernateApplication:31 - info log: getAllEmployee...
2022-02-10 00:44:11 INFO  SpringbootHibernateApplication:31 - info log: getAllEmployee...
2022-02-10 00:44:14 INFO  SpringbootHibernateApplication:31 - info log: getAllEmployee...
2022-02-10 00:44:31 INFO  SpringbootHibernateApplication:38 - Post new employee0
2022-02-10 00:44:31 INFO  SpringbootHibernateApplication:31 - info log: getAllEmployee...
2022-02-10 00:44:41 INFO  SpringbootHibernateApplication:45 - info log: Find employees by id:1
2022-02-10 00:44:44 INFO  SpringbootHibernateApplication:54 - info log: Update employees by id:1
2022-02-10 00:44:44 INFO  SpringbootHibernateApplication:31 - info log: getAllEmployee...
2022-02-10 00:44:45 INFO  SpringbootHibernateApplication:45 - info log: Find employees by id:1
2022-02-10 00:44:47 INFO  SpringbootHibernateApplication:31 - info log: getAllEmployee...
2022-02-10 00:44:48 INFO  SpringbootHibernateApplication:31 - info log: getAllEmployee...
2022-02-10 00:46:23 INFO  SpringbootHibernateApplication:31 - info log: getAllEmployee...
2022-02-10 00:48:50 INFO  SpringbootHibernateApplication:31 - info log: getAllEmployee...
2022-02-10 00:49:18 INFO  SpringbootHibernateApplication:31 - info log: getAllEmployee...
2022-02-10 00:50:06 INFO  SpringbootHibernateApplication:31 - info log: getAllEmployee...
2022-02-10 01:04:21 INFO  SpringbootHibernateApplication:31 - info log: getAllEmployee...
2022-02-11 21:02:31 INFO  SpringbootHibernateApplication:31 - info log: getAllEmployee...
2022-02-11 21:02:34 INFO  SpringbootHibernateApplication:31 - info log: getAllEmployee...
2022-02-11 21:02:44 INFO  SpringbootHibernateApplication:45 - info log: Find employees by id:1
2022-02-11 21:02:49 INFO  SpringbootHibernateApplication:54 - info log: Update employees by id:1
2022-02-11 21:02:49 INFO  SpringbootHibernateApplication:31 - info log: getAllEmployee...
2022-02-11 21:02:51 INFO  SpringbootHibernateApplication:72 - info log: Delete employees id:1
2022-02-11 21:02:51 INFO  SpringbootHibernateApplication:31 - info log: getAllEmployee...
2022-02-11 21:02:57 INFO  SpringbootHibernateApplication:45 - info log: Find employees by id:2
2022-02-11 21:03:00 INFO  SpringbootHibernateApplication:31 - info log: getAllEmployee...
2022-02-18 13:43:39 INFO  SpringbootHibernateApplication:31 - info log: getAllEmployee...
2022-02-18 13:45:25 INFO  SpringbootHibernateApplication:31 - info log: getAllEmployee...
2022-02-18 13:45:31 INFO  SpringbootHibernateApplication:45 - info log: Find employees by id:2
2022-02-18 13:45:36 INFO  SpringbootHibernateApplication:31 - info log: getAllEmployee...
2022-02-18 13:45:39 INFO  SpringbootHibernateApplication:45 - info log: Find employees by id:2
2022-02-18 13:45:41 INFO  SpringbootHibernateApplication:31 - info log: getAllEmployee...
2022-02-18 13:45:42 INFO  SpringbootHibernateApplication:45 - info log: Find employees by id:5
2022-02-18 13:45:43 INFO  SpringbootHibernateApplication:31 - info log: getAllEmployee...
2022-02-18 13:47:09 INFO  SpringbootHibernateApplication:31 - info log: getAllEmployee...
2022-02-18 13:48:14 INFO  SpringbootHibernateApplication:31 - info log: getAllEmployee...
2022-02-18 13:48:18 INFO  SpringbootHibernateApplication:45 - info log: Find employees by id:2
2022-02-18 13:48:21 INFO  SpringbootHibernateApplication:31 - info log: getAllEmployee...
2022-02-18 13:48:23 INFO  SpringbootHibernateApplication:45 - info log: Find employees by id:2
2022-02-18 13:48:32 INFO  SpringbootHibernateApplication:54 - info log: Update employees by id:2
2022-02-18 13:48:32 INFO  SpringbootHibernateApplication:31 - info log: getAllEmployee...
2022-02-18 13:49:04 INFO  SpringbootHibernateApplication:45 - info log: Find employees by id:2
2022-02-18 13:49:06 INFO  SpringbootHibernateApplication:31 - info log: getAllEmployee...
2022-02-18 13:58:02 INFO  SpringbootHibernateApplication:31 - info log: getAllEmployee...
2022-02-18 13:58:04 INFO  SpringbootHibernateApplication:45 - info log: Find employees by id:2
2022-02-18 13:58:05 INFO  SpringbootHibernateApplication:31 - info log: getAllEmployee...
2022-02-18 13:58:06 INFO  SpringbootHibernateApplication:45 - info log: Find employees by id:5
2022-02-18 13:58:08 INFO  SpringbootHibernateApplication:31 - info log: getAllEmployee...
2022-02-18 13:58:09 INFO  SpringbootHibernateApplication:45 - info log: Find employees by id:9
2022-02-18 13:58:13 INFO  SpringbootHibernateApplication:31 - info log: getAllEmployee...
2022-02-18 14:19:42 INFO  SpringbootHibernateApplication:31 - info log: getAllEmployee...
2022-02-18 14:19:43 INFO  SpringbootHibernateApplication:45 - info log: Find employees by id:2
2022-02-18 14:19:46 INFO  SpringbootHibernateApplication:31 - info log: getAllEmployee...
2022-02-18 14:19:51 INFO  SpringbootHibernateApplication:45 - info log: Find employees by id:2
2022-02-18 14:19:54 INFO  SpringbootHibernateApplication:31 - info log: getAllEmployee...
2022-02-18 14:20:00 INFO  SpringbootHibernateApplication:45 - info log: Find employees by id:2
2022-02-18 14:20:01 INFO  SpringbootHibernateApplication:31 - info log: getAllEmployee...
